  AI.cpp
c:\users\coeol\onedrive\documents\cookie_clicker_rep\chess_deeplearning-\input.h(25): warning C4552: '-': result of expression not used
c:\users\coeol\onedrive\documents\cookie_clicker_rep\chess_deeplearning-\ai.cpp(67): warning C4267: 'initializing': conversion from 'size_t' to 'int', possible loss of data
  AI_2.cpp
c:\users\coeol\onedrive\documents\cookie_clicker_rep\chess_deeplearning-\input.h(25): warning C4552: '-': result of expression not used
c:\users\coeol\onedrive\documents\cookie_clicker_rep\chess_deeplearning-\ai_2.cpp(71): warning C4267: '+=': conversion from 'size_t' to 'int', possible loss of data
c:\users\coeol\onedrive\documents\cookie_clicker_rep\chess_deeplearning-\ai_2.cpp(103): warning C4267: '+=': conversion from 'size_t' to 'int', possible loss of data
  bitmaps.cpp
c:\users\coeol\onedrive\documents\cookie_clicker_rep\chess_deeplearning-\input.h(25): warning C4552: '-': result of expression not used
  Entity.cpp
c:\users\coeol\onedrive\documents\cookie_clicker_rep\chess_deeplearning-\input.h(25): warning C4552: '-': result of expression not used
  Game.cpp
c:\users\coeol\onedrive\documents\cookie_clicker_rep\chess_deeplearning-\input.h(25): warning C4552: '-': result of expression not used
  Input.cpp
c:\users\coeol\onedrive\documents\cookie_clicker_rep\chess_deeplearning-\input.h(25): warning C4552: '-': result of expression not used
  Main.cpp
c:\users\coeol\onedrive\documents\cookie_clicker_rep\chess_deeplearning-\input.h(25): warning C4552: '-': result of expression not used
  Object.cpp
c:\users\coeol\onedrive\documents\cookie_clicker_rep\chess_deeplearning-\input.h(25): warning C4552: '-': result of expression not used
  Tile.cpp
c:\users\coeol\onedrive\documents\cookie_clicker_rep\chess_deeplearning-\input.h(25): warning C4552: '-': result of expression not used
  Generating Code...
  Final_thing.vcxproj -> C:\Users\coeol\OneDrive\Documents\cookie_clicker_rep\Chess_DeepLearning-\x64\Debug\Final_thing.exe
